[2015-09-21 00:00:57] local.ERROR: exception 'Symfony\Component\Debug\Exception\FatalErrorException' with message 'Class 'CreateFollowersTable' not found' in /home/inkognitoo/www/alterbooks/vendor/laravel/framework/src/Illuminate/Database/Migrations/Migrator.php:324
Stack trace:
#0 {main}  
[2015-09-21 00:02:30] local.ERROR: exception 'PDOException' with message 'SQLSTATE[42703]: Undefined column: 7 ERROR:  column "is_active" of relation "users" does not exist
LINE 1: ... "users" ("password", "email", "activation_code", "is_active...
                                                             ^' in /home/inkognitoo/www/alterbooks/vendor/laravel/framework/src/Illuminate/Database/Connection.php:312
Stack trace:
#0 /home/inkognitoo/www/alterbooks/vendor/laravel/framework/src/Illuminate/Database/Connection.php(312): PDOStatement->execute(Array)
#1 /home/inkognitoo/www/alterbooks/vendor/laravel/framework/src/Illuminate/Database/Connection.php(629): Illuminate\Database\Connection->Illuminate\Database\{closure}(Object(Illuminate\Database\PostgresConnection), 'insert into "us...', Array)
#2 /home/inkognitoo/www/alterbooks/vendor/laravel/framework/src/Illuminate/Database/Connection.php(596): Illuminate\Database\Connection->runQueryCallback('insert into "us...', Array, Object(Closure))
#3 /home/inkognitoo/www/alterbooks/vendor/laravel/framework/src/Illuminate/Database/Connection.php(315): Illuminate\Database\Connection->run('insert into "us...', Array, Object(Closure))
#4 /home/inkognitoo/www/alterbooks/vendor/laravel/framework/src/Illuminate/Database/Connection.php(289): Illuminate\Database\Connection->select('insert into "us...', Array, false)
#5 /home/inkognitoo/www/alterbooks/vendor/laravel/framework/src/Illuminate/Database/Query/Processors/PostgresProcessor.php(20): Illuminate\Database\Connection->selectFromWriteConnection('insert into "us...', Array)
#6 /home/inkognitoo/www/alterbooks/vendor/laravel/framework/src/Illuminate/Database/Query/Builder.php(1757): Illuminate\Database\Query\Processors\PostgresProcessor->processInsertGetId(Object(Illuminate\Database\Query\Builder), 'insert into "us...', Array, 'id')
#7 [internal function]: Illuminate\Database\Query\Builder->insertGetId(Array, 'id')
#8 /home/inkognitoo/www/alterbooks/vendor/laravel/framework/src/Illuminate/Database/Eloquent/Builder.php(943): call_user_func_array(Array, Array)
#9 /home/inkognitoo/www/alterbooks/vendor/laravel/framework/src/Illuminate/Database/Eloquent/Model.php(1636): Illuminate\Database\Eloquent\Builder->__call('insertGetId', Array)
#10 /home/inkognitoo/www/alterbooks/vendor/laravel/framework/src/Illuminate/Database/Eloquent/Model.php(1636): Illuminate\Database\Eloquent\Builder->insertGetId(Array, 'id')
#11 /home/inkognitoo/www/alterbooks/vendor/laravel/framework/src/Illuminate/Database/Eloquent/Model.php(1605): Illuminate\Database\Eloquent\Model->insertAndSetId(Object(Illuminate\Database\Eloquent\Builder), Array)
#12 /home/inkognitoo/www/alterbooks/vendor/laravel/framework/src/Illuminate/Database/Eloquent/Model.php(1511): Illuminate\Database\Eloquent\Model->performInsert(Object(Illuminate\Database\Eloquent\Builder), Array)
#13 /home/inkognitoo/www/alterbooks/app/User.php(55): Illuminate\Database\Eloquent\Model->save()
#14 /home/inkognitoo/www/alterbooks/app/Http/Controllers/UsersController.php(20): App\User->registration()
#15 [internal function]: App\Http\Controllers\UsersController->registration(Object(Illuminate\Http\Request))
#16 /home/inkognitoo/www/alterbooks/vendor/laravel/framework/src/Illuminate/Routing/Controller.php(256): call_user_func_array(Array, Array)
#17 /home/inkognitoo/www/alterbooks/vendor/laravel/framework/src/Illuminate/Routing/ControllerDispatcher.php(164): Illuminate\Routing\Controller->callAction('registration', Array)
#18 /home/inkognitoo/www/alterbooks/vendor/laravel/framework/src/Illuminate/Routing/ControllerDispatcher.php(112): Illuminate\Routing\ControllerDispatcher->call(Object(App\Http\Controllers\UsersController), Object(Illuminate\Routing\Route), 'registration')
#19 [internal function]: Illuminate\Routing\ControllerDispatcher->Illuminate\Routing\{closure}(Object(Illuminate\Http\Request))
#20 /home/inkognitoo/www/alterbooks/vendor/laravel/framework/src/Illuminate/Pipeline/Pipeline.php(139): call_user_func(Object(Closure), Object(Illuminate\Http\Request))
#21 [internal function]: Illuminate\Pipeline\Pipeline->Illuminate\Pipeline\{closure}(Object(Illuminate\Http\Request))
#22 /home/inkognitoo/www/alterbooks/vendor/laravel/framework/src/Illuminate/Pipeline/Pipeline.php(103): call_user_func(Object(Closure), Object(Illuminate\Http\Request))
#23 /home/inkognitoo/www/alterbooks/vendor/laravel/framework/src/Illuminate/Routing/ControllerDispatcher.php(114): Illuminate\Pipeline\Pipeline->then(Object(Closure))
#24 /home/inkognitoo/www/alterbooks/vendor/laravel/framework/src/Illuminate/Routing/ControllerDispatcher.php(69): Illuminate\Routing\ControllerDispatcher->callWithinStack(Object(App\Http\Controllers\UsersController), Object(Illuminate\Routing\Route), Object(Illuminate\Http\Request), 'registration')
#25 /home/inkognitoo/www/alterbooks/vendor/laravel/framework/src/Illuminate/Routing/Route.php(201): Illuminate\Routing\ControllerDispatcher->dispatch(Object(Illuminate\Routing\Route), Object(Illuminate\Http\Request), 'App\\Http\\Contro...', 'registration')
#26 /home/inkognitoo/www/alterbooks/vendor/laravel/framework/src/Illuminate/Routing/Route.php(134): Illuminate\Routing\Route->runWithCustomDispatcher(Object(Illuminate\Http\Request))
#27 /home/inkognitoo/www/alterbooks/vendor/laravel/framework/src/Illuminate/Routing/Router.php(704): Illuminate\Routing\Route->run(Object(Illuminate\Http\Request))
#28 [internal function]: Illuminate\Routing\Router->Illuminate\Routing\{closure}(Object(Illuminate\Http\Request))
#29 /home/inkognitoo/www/alterbooks/vendor/laravel/framework/src/Illuminate/Pipeline/Pipeline.php(139): call_user_func(Object(Closure), Object(Illuminate\Http\Request))
#30 /home/inkognitoo/www/alterbooks/app/Http/Middleware/Registration.php(31): Illuminate\Pipeline\Pipeline->Illuminate\Pipeline\{closure}(Object(Illuminate\Http\Request))
#31 [internal function]: App\Http\Middleware\Registration->handle(Object(Illuminate\Http\Request), Object(Closure))
#32 /home/inkognitoo/www/alterbooks/vendor/laravel/framework/src/Illuminate/Pipeline/Pipeline.php(124): call_user_func_array(Array, Array)
#33 [internal function]: Illuminate\Pipeline\Pipeline->Illuminate\Pipeline\{closure}(Object(Illuminate\Http\Request))
#34 /home/inkognitoo/www/alterbooks/vendor/laravel/framework/src/Illuminate/Pipeline/Pipeline.php(103): call_user_func(Object(Closure), Object(Illuminate\Http\Request))
#35 /home/inkognitoo/www/alterbooks/vendor/laravel/framework/src/Illuminate/Routing/Router.php(706): Illuminate\Pipeline\Pipeline->then(Object(Closure))
#36 /home/inkognitoo/www/alterbooks/vendor/laravel/framework/src/Illuminate/Routing/Router.php(671): Illuminate\Routing\Router->runRouteWithinStack(Object(Illuminate\Routing\Route), Object(Illuminate\Http\Request))
#37 /home/inkognitoo/www/alterbooks/vendor/laravel/framework/src/Illuminate/Routing/Router.php(631): Illuminate\Routing\Router->dispatchToRoute(Object(Illuminate\Http\Request))
#38 /home/inkognitoo/www/alterbooks/vendor/laravel/framework/src/Illuminate/Foundation/Http/Kernel.php(236): Illuminate\Routing\Router->dispatch(Object(Illuminate\Http\Request))
#39 [internal function]: Illuminate\Foundation\Http\Kernel->Illuminate\Foundation\Http\{closure}(Object(Illuminate\Http\Request))
#40 /home/inkognitoo/www/alterbooks/vendor/laravel/framework/src/Illuminate/Pipeline/Pipeline.php(139): call_user_func(Object(Closure), Object(Illuminate\Http\Request))
#41 /home/inkognitoo/www/alterbooks/vendor/laravel/framework/src/Illuminate/Foundation/Http/Middleware/VerifyCsrfToken.php(50): Illuminate\Pipeline\Pipeline->Illuminate\Pipeline\{closure}(Object(Illuminate\Http\Request))
#42 [internal function]: Illuminate\Foundation\Http\Middleware\VerifyCsrfToken->handle(Object(Illuminate\Http\Request), Object(Closure))
#43 /home/inkognitoo/www/alterbooks/vendor/laravel/framework/src/Illuminate/Pipeline/Pipeline.php(124): call_user_func_array(Array, Array)
#44 /home/inkognitoo/www/alterbooks/vendor/laravel/framework/src/Illuminate/View/Middleware/ShareErrorsFromSession.php(49): Illuminate\Pipeline\Pipeline->Illuminate\Pipeline\{closure}(Object(Illuminate\Http\Request))
#45 [internal function]: Illuminate\View\Middleware\ShareErrorsFromSession->handle(Object(Illuminate\Http\Request), Object(Closure))
#46 /home/inkognitoo/www/alterbooks/vendor/laravel/framework/src/Illuminate/Pipeline/Pipeline.php(124): call_user_func_array(Array, Array)
#47 /home/inkognitoo/www/alterbooks/vendor/laravel/framework/src/Illuminate/Session/Middleware/StartSession.php(62): Illuminate\Pipeline\Pipeline->Illuminate\Pipeline\{closure}(Object(Illuminate\Http\Request))
#48 [internal function]: Illuminate\Session\Middleware\StartSession->handle(Object(Illuminate\Http\Request), Object(Closure))
#49 /home/inkognitoo/www/alterbooks/vendor/laravel/framework/src/Illuminate/Pipeline/Pipeline.php(124): call_user_func_array(Array, Array)
#50 /home/inkognitoo/www/alterbooks/vendor/laravel/framework/src/Illuminate/Cookie/Middleware/AddQueuedCookiesToResponse.php(37): Illuminate\Pipeline\Pipeline->Illuminate\Pipeline\{closure}(Object(Illuminate\Http\Request))
#51 [internal function]: Illuminate\Cookie\Middleware\AddQueuedCookiesToResponse->handle(Object(Illuminate\Http\Request), Object(Closure))
#52 /home/inkognitoo/www/alterbooks/vendor/laravel/framework/src/Illuminate/Pipeline/Pipeline.php(124): call_user_func_array(Array, Array)
#53 /home/inkognitoo/www/alterbooks/vendor/laravel/framework/src/Illuminate/Cookie/Middleware/EncryptCookies.php(59): Illuminate\Pipeline\Pipeline->Illuminate\Pipeline\{closure}(Object(Illuminate\Http\Request))
#54 [internal function]: Illuminate\Cookie\Middleware\EncryptCookies->handle(Object(Illuminate\Http\Request), Object(Closure))
#55 /home/inkognitoo/www/alterbooks/vendor/laravel/framework/src/Illuminate/Pipeline/Pipeline.php(124): call_user_func_array(Array, Array)
#56 /home/inkognitoo/www/alterbooks/vendor/laravel/framework/src/Illuminate/Foundation/Http/Middleware/CheckForMaintenanceMode.php(42): Illuminate\Pipeline\Pipeline->Illuminate\Pipeline\{closure}(Object(Illuminate\Http\Request))
#57 [internal function]: Illuminate\Foundation\Http\Middleware\CheckForMaintenanceMode->handle(Object(Illuminate\Http\Request), Object(Closure))
#58 /home/inkognitoo/www/alterbooks/vendor/laravel/framework/src/Illuminate/Pipeline/Pipeline.php(124): call_user_func_array(Array, Array)
#59 [internal function]: Illuminate\Pipeline\Pipeline->Illuminate\Pipeline\{closure}(Object(Illuminate\Http\Request))
#60 /home/inkognitoo/www/alterbooks/vendor/laravel/framework/src/Illuminate/Pipeline/Pipeline.php(103): call_user_func(Object(Closure), Object(Illuminate\Http\Request))
#61 /home/inkognitoo/www/alterbooks/vendor/laravel/framework/src/Illuminate/Foundation/Http/Kernel.php(122): Illuminate\Pipeline\Pipeline->then(Object(Closure))
#62 /home/inkognitoo/www/alterbooks/vendor/laravel/framework/src/Illuminate/Foundation/Http/Kernel.php(87): Illuminate\Foundation\Http\Kernel->sendRequestThroughRouter(Object(Illuminate\Http\Request))
#63 /home/inkognitoo/www/alterbooks/public/index.php(54): Illuminate\Foundation\Http\Kernel->handle(Object(Illuminate\Http\Request))
#64 {main}

Next exception 'Illuminate\Database\QueryException' with message 'SQLSTATE[42703]: Undefined column: 7 ERROR:  column "is_active" of relation "users" does not exist
LINE 1: ... "users" ("password", "email", "activation_code", "is_active...
                                                             ^ (SQL: insert into "users" ("password", "email", "activation_code", "is_active", "updated_at", "created_at") values (y$Hy/Ix7q8UBujCvgGbq35x.SDS.t6mLD63OLB1jOIDRZgb./9Mp8La, inkognitoo92@yandex.ru, kzGcb7tUCgEswyIU, 0, 2015-09-21 00:02:30, 2015-09-21 00:02:30) returning "id")' in /home/inkognitoo/www/alterbooks/vendor/laravel/framework/src/Illuminate/Database/Connection.php:636
Stack trace:
#0 /home/inkognitoo/www/alterbooks/vendor/laravel/framework/src/Illuminate/Database/Connection.php(596): Illuminate\Database\Connection->runQueryCallback('insert into "us...', Array, Object(Closure))
#1 /home/inkognitoo/www/alterbooks/vendor/laravel/framework/src/Illuminate/Database/Connection.php(315): Illuminate\Database\Connection->run('insert into "us...', Array, Object(Closure))
#2 /home/inkognitoo/www/alterbooks/vendor/laravel/framework/src/Illuminate/Database/Connection.php(289): Illuminate\Database\Connection->select('insert into "us...', Array, false)
#3 /home/inkognitoo/www/alterbooks/vendor/laravel/framework/src/Illuminate/Database/Query/Processors/PostgresProcessor.php(20): Illuminate\Database\Connection->selectFromWriteConnection('insert into "us...', Array)
#4 /home/inkognitoo/www/alterbooks/vendor/laravel/framework/src/Illuminate/Database/Query/Builder.php(1757): Illuminate\Database\Query\Processors\PostgresProcessor->processInsertGetId(Object(Illuminate\Database\Query\Builder), 'insert into "us...', Array, 'id')
#5 [internal function]: Illuminate\Database\Query\Builder->insertGetId(Array, 'id')
#6 /home/inkognitoo/www/alterbooks/vendor/laravel/framework/src/Illuminate/Database/Eloquent/Builder.php(943): call_user_func_array(Array, Array)
#7 /home/inkognitoo/www/alterbooks/vendor/laravel/framework/src/Illuminate/Database/Eloquent/Model.php(1636): Illuminate\Database\Eloquent\Builder->__call('insertGetId', Array)
#8 /home/inkognitoo/www/alterbooks/vendor/laravel/framework/src/Illuminate/Database/Eloquent/Model.php(1636): Illuminate\Database\Eloquent\Builder->insertGetId(Array, 'id')
#9 /home/inkognitoo/www/alterbooks/vendor/laravel/framework/src/Illuminate/Database/Eloquent/Model.php(1605): Illuminate\Database\Eloquent\Model->insertAndSetId(Object(Illuminate\Database\Eloquent\Builder), Array)
#10 /home/inkognitoo/www/alterbooks/vendor/laravel/framework/src/Illuminate/Database/Eloquent/Model.php(1511): Illuminate\Database\Eloquent\Model->performInsert(Object(Illuminate\Database\Eloquent\Builder), Array)
#11 /home/inkognitoo/www/alterbooks/app/User.php(55): Illuminate\Database\Eloquent\Model->save()
#12 /home/inkognitoo/www/alterbooks/app/Http/Controllers/UsersController.php(20): App\User->registration()
#13 [internal function]: App\Http\Controllers\UsersController->registration(Object(Illuminate\Http\Request))
#14 /home/inkognitoo/www/alterbooks/vendor/laravel/framework/src/Illuminate/Routing/Controller.php(256): call_user_func_array(Array, Array)
#15 /home/inkognitoo/www/alterbooks/vendor/laravel/framework/src/Illuminate/Routing/ControllerDispatcher.php(164): Illuminate\Routing\Controller->callAction('registration', Array)
#16 /home/inkognitoo/www/alterbooks/vendor/laravel/framework/src/Illuminate/Routing/ControllerDispatcher.php(112): Illuminate\Routing\ControllerDispatcher->call(Object(App\Http\Controllers\UsersController), Object(Illuminate\Routing\Route), 'registration')
#17 [internal function]: Illuminate\Routing\ControllerDispatcher->Illuminate\Routing\{closure}(Object(Illuminate\Http\Request))
#18 /home/inkognitoo/www/alterbooks/vendor/laravel/framework/src/Illuminate/Pipeline/Pipeline.php(139): call_user_func(Object(Closure), Object(Illuminate\Http\Request))
#19 [internal function]: Illuminate\Pipeline\Pipeline->Illuminate\Pipeline\{closure}(Object(Illuminate\Http\Request))
#20 /home/inkognitoo/www/alterbooks/vendor/laravel/framework/src/Illuminate/Pipeline/Pipeline.php(103): call_user_func(Object(Closure), Object(Illuminate\Http\Request))
#21 /home/inkognitoo/www/alterbooks/vendor/laravel/framework/src/Illuminate/Routing/ControllerDispatcher.php(114): Illuminate\Pipeline\Pipeline->then(Object(Closure))
#22 /home/inkognitoo/www/alterbooks/vendor/laravel/framework/src/Illuminate/Routing/ControllerDispatcher.php(69): Illuminate\Routing\ControllerDispatcher->callWithinStack(Object(App\Http\Controllers\UsersController), Object(Illuminate\Routing\Route), Object(Illuminate\Http\Request), 'registration')
#23 /home/inkognitoo/www/alterbooks/vendor/laravel/framework/src/Illuminate/Routing/Route.php(201): Illuminate\Routing\ControllerDispatcher->dispatch(Object(Illuminate\Routing\Route), Object(Illuminate\Http\Request), 'App\\Http\\Contro...', 'registration')
#24 /home/inkognitoo/www/alterbooks/vendor/laravel/framework/src/Illuminate/Routing/Route.php(134): Illuminate\Routing\Route->runWithCustomDispatcher(Object(Illuminate\Http\Request))
#25 /home/inkognitoo/www/alterbooks/vendor/laravel/framework/src/Illuminate/Routing/Router.php(704): Illuminate\Routing\Route->run(Object(Illuminate\Http\Request))
#26 [internal function]: Illuminate\Routing\Router->Illuminate\Routing\{closure}(Object(Illuminate\Http\Request))
#27 /home/inkognitoo/www/alterbooks/vendor/laravel/framework/src/Illuminate/Pipeline/Pipeline.php(139): call_user_func(Object(Closure), Object(Illuminate\Http\Request))
#28 /home/inkognitoo/www/alterbooks/app/Http/Middleware/Registration.php(31): Illuminate\Pipeline\Pipeline->Illuminate\Pipeline\{closure}(Object(Illuminate\Http\Request))
#29 [internal function]: App\Http\Middleware\Registration->handle(Object(Illuminate\Http\Request), Object(Closure))
#30 /home/inkognitoo/www/alterbooks/vendor/laravel/framework/src/Illuminate/Pipeline/Pipeline.php(124): call_user_func_array(Array, Array)
#31 [internal function]: Illuminate\Pipeline\Pipeline->Illuminate\Pipeline\{closure}(Object(Illuminate\Http\Request))
#32 /home/inkognitoo/www/alterbooks/vendor/laravel/framework/src/Illuminate/Pipeline/Pipeline.php(103): call_user_func(Object(Closure), Object(Illuminate\Http\Request))
#33 /home/inkognitoo/www/alterbooks/vendor/laravel/framework/src/Illuminate/Routing/Router.php(706): Illuminate\Pipeline\Pipeline->then(Object(Closure))
#34 /home/inkognitoo/www/alterbooks/vendor/laravel/framework/src/Illuminate/Routing/Router.php(671): Illuminate\Routing\Router->runRouteWithinStack(Object(Illuminate\Routing\Route), Object(Illuminate\Http\Request))
#35 /home/inkognitoo/www/alterbooks/vendor/laravel/framework/src/Illuminate/Routing/Router.php(631): Illuminate\Routing\Router->dispatchToRoute(Object(Illuminate\Http\Request))
#36 /home/inkognitoo/www/alterbooks/vendor/laravel/framework/src/Illuminate/Foundation/Http/Kernel.php(236): Illuminate\Routing\Router->dispatch(Object(Illuminate\Http\Request))
#37 [internal function]: Illuminate\Foundation\Http\Kernel->Illuminate\Foundation\Http\{closure}(Object(Illuminate\Http\Request))
#38 /home/inkognitoo/www/alterbooks/vendor/laravel/framework/src/Illuminate/Pipeline/Pipeline.php(139): call_user_func(Object(Closure), Object(Illuminate\Http\Request))
#39 /home/inkognitoo/www/alterbooks/vendor/laravel/framework/src/Illuminate/Foundation/Http/Middleware/VerifyCsrfToken.php(50): Illuminate\Pipeline\Pipeline->Illuminate\Pipeline\{closure}(Object(Illuminate\Http\Request))
#40 [internal function]: Illuminate\Foundation\Http\Middleware\VerifyCsrfToken->handle(Object(Illuminate\Http\Request), Object(Closure))
#41 /home/inkognitoo/www/alterbooks/vendor/laravel/framework/src/Illuminate/Pipeline/Pipeline.php(124): call_user_func_array(Array, Array)
#42 /home/inkognitoo/www/alterbooks/vendor/laravel/framework/src/Illuminate/View/Middleware/ShareErrorsFromSession.php(49): Illuminate\Pipeline\Pipeline->Illuminate\Pipeline\{closure}(Object(Illuminate\Http\Request))
#43 [internal function]: Illuminate\View\Middleware\ShareErrorsFromSession->handle(Object(Illuminate\Http\Request), Object(Closure))
#44 /home/inkognitoo/www/alterbooks/vendor/laravel/framework/src/Illuminate/Pipeline/Pipeline.php(124): call_user_func_array(Array, Array)
#45 /home/inkognitoo/www/alterbooks/vendor/laravel/framework/src/Illuminate/Session/Middleware/StartSession.php(62): Illuminate\Pipeline\Pipeline->Illuminate\Pipeline\{closure}(Object(Illuminate\Http\Request))
#46 [internal function]: Illuminate\Session\Middleware\StartSession->handle(Object(Illuminate\Http\Request), Object(Closure))
#47 /home/inkognitoo/www/alterbooks/vendor/laravel/framework/src/Illuminate/Pipeline/Pipeline.php(124): call_user_func_array(Array, Array)
#48 /home/inkognitoo/www/alterbooks/vendor/laravel/framework/src/Illuminate/Cookie/Middleware/AddQueuedCookiesToResponse.php(37): Illuminate\Pipeline\Pipeline->Illuminate\Pipeline\{closure}(Object(Illuminate\Http\Request))
#49 [internal function]: Illuminate\Cookie\Middleware\AddQueuedCookiesToResponse->handle(Object(Illuminate\Http\Request), Object(Closure))
#50 /home/inkognitoo/www/alterbooks/vendor/laravel/framework/src/Illuminate/Pipeline/Pipeline.php(124): call_user_func_array(Array, Array)
#51 /home/inkognitoo/www/alterbooks/vendor/laravel/framework/src/Illuminate/Cookie/Middleware/EncryptCookies.php(59): Illuminate\Pipeline\Pipeline->Illuminate\Pipeline\{closure}(Object(Illuminate\Http\Request))
#52 [internal function]: Illuminate\Cookie\Middleware\EncryptCookies->handle(Object(Illuminate\Http\Request), Object(Closure))
#53 /home/inkognitoo/www/alterbooks/vendor/laravel/framework/src/Illuminate/Pipeline/Pipeline.php(124): call_user_func_array(Array, Array)
#54 /home/inkognitoo/www/alterbooks/vendor/laravel/framework/src/Illuminate/Foundation/Http/Middleware/CheckForMaintenanceMode.php(42): Illuminate\Pipeline\Pipeline->Illuminate\Pipeline\{closure}(Object(Illuminate\Http\Request))
#55 [internal function]: Illuminate\Foundation\Http\Middleware\CheckForMaintenanceMode->handle(Object(Illuminate\Http\Request), Object(Closure))
#56 /home/inkognitoo/www/alterbooks/vendor/laravel/framework/src/Illuminate/Pipeline/Pipeline.php(124): call_user_func_array(Array, Array)
#57 [internal function]: Illuminate\Pipeline\Pipeline->Illuminate\Pipeline\{closure}(Object(Illuminate\Http\Request))
#58 /home/inkognitoo/www/alterbooks/vendor/laravel/framework/src/Illuminate/Pipeline/Pipeline.php(103): call_user_func(Object(Closure), Object(Illuminate\Http\Request))
#59 /home/inkognitoo/www/alterbooks/vendor/laravel/framework/src/Illuminate/Foundation/Http/Kernel.php(122): Illuminate\Pipeline\Pipeline->then(Object(Closure))
#60 /home/inkognitoo/www/alterbooks/vendor/laravel/framework/src/Illuminate/Foundation/Http/Kernel.php(87): Illuminate\Foundation\Http\Kernel->sendRequestThroughRouter(Object(Illuminate\Http\Request))
#61 /home/inkognitoo/www/alterbooks/public/index.php(54): Illuminate\Foundation\Http\Kernel->handle(Object(Illuminate\Http\Request))
#62 {main}  
[2015-09-21 00:03:04] local.ERROR: exception 'PDOException' with message 'SQLSTATE[42703]: Undefined column: 7 ERROR:  column "is_active" of relation "users" does not exist
LINE 1: ... "users" ("password", "email", "activation_code", "is_active...
                                                             ^' in /home/inkognitoo/www/alterbooks/vendor/laravel/framework/src/Illuminate/Database/Connection.php:312
Stack trace:
#0 /home/inkognitoo/www/alterbooks/vendor/laravel/framework/src/Illuminate/Database/Connection.php(312): PDOStatement->execute(Array)
#1 /home/inkognitoo/www/alterbooks/vendor/laravel/framework/src/Illuminate/Database/Connection.php(629): Illuminate\Database\Connection->Illuminate\Database\{closure}(Object(Illuminate\Database\PostgresConnection), 'insert into "us...', Array)
#2 /home/inkognitoo/www/alterbooks/vendor/laravel/framework/src/Illuminate/Database/Connection.php(596): Illuminate\Database\Connection->runQueryCallback('insert into "us...', Array, Object(Closure))
#3 /home/inkognitoo/www/alterbooks/vendor/laravel/framework/src/Illuminate/Database/Connection.php(315): Illuminate\Database\Connection->run('insert into "us...', Array, Object(Closure))
#4 /home/inkognitoo/www/alterbooks/vendor/laravel/framework/src/Illuminate/Database/Connection.php(289): Illuminate\Database\Connection->select('insert into "us...', Array, false)
#5 /home/inkognitoo/www/alterbooks/vendor/laravel/framework/src/Illuminate/Database/Query/Processors/PostgresProcessor.php(20): Illuminate\Database\Connection->selectFromWriteConnection('insert into "us...', Array)
#6 /home/inkognitoo/www/alterbooks/vendor/laravel/framework/src/Illuminate/Database/Query/Builder.php(1757): Illuminate\Database\Query\Processors\PostgresProcessor->processInsertGetId(Object(Illuminate\Database\Query\Builder), 'insert into "us...', Array, 'id')
#7 [internal function]: Illuminate\Database\Query\Builder->insertGetId(Array, 'id')
#8 /home/inkognitoo/www/alterbooks/vendor/laravel/framework/src/Illuminate/Database/Eloquent/Builder.php(943): call_user_func_array(Array, Array)
#9 /home/inkognitoo/www/alterbooks/vendor/laravel/framework/src/Illuminate/Database/Eloquent/Model.php(1636): Illuminate\Database\Eloquent\Builder->__call('insertGetId', Array)
#10 /home/inkognitoo/www/alterbooks/vendor/laravel/framework/src/Illuminate/Database/Eloquent/Model.php(1636): Illuminate\Database\Eloquent\Builder->insertGetId(Array, 'id')
#11 /home/inkognitoo/www/alterbooks/vendor/laravel/framework/src/Illuminate/Database/Eloquent/Model.php(1605): Illuminate\Database\Eloquent\Model->insertAndSetId(Object(Illuminate\Database\Eloquent\Builder), Array)
#12 /home/inkognitoo/www/alterbooks/vendor/laravel/framework/src/Illuminate/Database/Eloquent/Model.php(1511): Illuminate\Database\Eloquent\Model->performInsert(Object(Illuminate\Database\Eloquent\Builder), Array)
#13 /home/inkognitoo/www/alterbooks/app/User.php(55): Illuminate\Database\Eloquent\Model->save()
#14 /home/inkognitoo/www/alterbooks/app/Http/Controllers/UsersController.php(20): App\User->registration()
#15 [internal function]: App\Http\Controllers\UsersController->registration(Object(Illuminate\Http\Request))
#16 /home/inkognitoo/www/alterbooks/vendor/laravel/framework/src/Illuminate/Routing/Controller.php(256): call_user_func_array(Array, Array)
#17 /home/inkognitoo/www/alterbooks/vendor/laravel/framework/src/Illuminate/Routing/ControllerDispatcher.php(164): Illuminate\Routing\Controller->callAction('registration', Array)
#18 /home/inkognitoo/www/alterbooks/vendor/laravel/framework/src/Illuminate/Routing/ControllerDispatcher.php(112): Illuminate\Routing\ControllerDispatcher->call(Object(App\Http\Controllers\UsersController), Object(Illuminate\Routing\Route), 'registration')
#19 [internal function]: Illuminate\Routing\ControllerDispatcher->Illuminate\Routing\{closure}(Object(Illuminate\Http\Request))
#20 /home/inkognitoo/www/alterbooks/vendor/laravel/framework/src/Illuminate/Pipeline/Pipeline.php(139): call_user_func(Object(Closure), Object(Illuminate\Http\Request))
#21 [internal function]: Illuminate\Pipeline\Pipeline->Illuminate\Pipeline\{closure}(Object(Illuminate\Http\Request))
#22 /home/inkognitoo/www/alterbooks/vendor/laravel/framework/src/Illuminate/Pipeline/Pipeline.php(103): call_user_func(Object(Closure), Object(Illuminate\Http\Request))
#23 /home/inkognitoo/www/alterbooks/vendor/laravel/framework/src/Illuminate/Routing/ControllerDispatcher.php(114): Illuminate\Pipeline\Pipeline->then(Object(Closure))
#24 /home/inkognitoo/www/alterbooks/vendor/laravel/framework/src/Illuminate/Routing/ControllerDispatcher.php(69): Illuminate\Routing\ControllerDispatcher->callWithinStack(Object(App\Http\Controllers\UsersController), Object(Illuminate\Routing\Route), Object(Illuminate\Http\Request), 'registration')
#25 /home/inkognitoo/www/alterbooks/vendor/laravel/framework/src/Illuminate/Routing/Route.php(201): Illuminate\Routing\ControllerDispatcher->dispatch(Object(Illuminate\Routing\Route), Object(Illuminate\Http\Request), 'App\\Http\\Contro...', 'registration')
#26 /home/inkognitoo/www/alterbooks/vendor/laravel/framework/src/Illuminate/Routing/Route.php(134): Illuminate\Routing\Route->runWithCustomDispatcher(Object(Illuminate\Http\Request))
#27 /home/inkognitoo/www/alterbooks/vendor/laravel/framework/src/Illuminate/Routing/Router.php(704): Illuminate\Routing\Route->run(Object(Illuminate\Http\Request))
#28 [internal function]: Illuminate\Routing\Router->Illuminate\Routing\{closure}(Object(Illuminate\Http\Request))
#29 /home/inkognitoo/www/alterbooks/vendor/laravel/framework/src/Illuminate/Pipeline/Pipeline.php(139): call_user_func(Object(Closure), Object(Illuminate\Http\Request))
#30 /home/inkognitoo/www/alterbooks/app/Http/Middleware/Registration.php(31): Illuminate\Pipeline\Pipeline->Illuminate\Pipeline\{closure}(Object(Illuminate\Http\Request))
#31 [internal function]: App\Http\Middleware\Registration->handle(Object(Illuminate\Http\Request), Object(Closure))
#32 /home/inkognitoo/www/alterbooks/vendor/laravel/framework/src/Illuminate/Pipeline/Pipeline.php(124): call_user_func_array(Array, Array)
#33 [internal function]: Illuminate\Pipeline\Pipeline->Illuminate\Pipeline\{closure}(Object(Illuminate\Http\Request))
#34 /home/inkognitoo/www/alterbooks/vendor/laravel/framework/src/Illuminate/Pipeline/Pipeline.php(103): call_user_func(Object(Closure), Object(Illuminate\Http\Request))
#35 /home/inkognitoo/www/alterbooks/vendor/laravel/framework/src/Illuminate/Routing/Router.php(706): Illuminate\Pipeline\Pipeline->then(Object(Closure))
#36 /home/inkognitoo/www/alterbooks/vendor/laravel/framework/src/Illuminate/Routing/Router.php(671): Illuminate\Routing\Router->runRouteWithinStack(Object(Illuminate\Routing\Route), Object(Illuminate\Http\Request))
#37 /home/inkognitoo/www/alterbooks/vendor/laravel/framework/src/Illuminate/Routing/Router.php(631): Illuminate\Routing\Router->dispatchToRoute(Object(Illuminate\Http\Request))
#38 /home/inkognitoo/www/alterbooks/vendor/laravel/framework/src/Illuminate/Foundation/Http/Kernel.php(236): Illuminate\Routing\Router->dispatch(Object(Illuminate\Http\Request))
#39 [internal function]: Illuminate\Foundation\Http\Kernel->Illuminate\Foundation\Http\{closure}(Object(Illuminate\Http\Request))
#40 /home/inkognitoo/www/alterbooks/vendor/laravel/framework/src/Illuminate/Pipeline/Pipeline.php(139): call_user_func(Object(Closure), Object(Illuminate\Http\Request))
#41 /home/inkognitoo/www/alterbooks/vendor/laravel/framework/src/Illuminate/Foundation/Http/Middleware/VerifyCsrfToken.php(50): Illuminate\Pipeline\Pipeline->Illuminate\Pipeline\{closure}(Object(Illuminate\Http\Request))
#42 [internal function]: Illuminate\Foundation\Http\Middleware\VerifyCsrfToken->handle(Object(Illuminate\Http\Request), Object(Closure))
#43 /home/inkognitoo/www/alterbooks/vendor/laravel/framework/src/Illuminate/Pipeline/Pipeline.php(124): call_user_func_array(Array, Array)
#44 /home/inkognitoo/www/alterbooks/vendor/laravel/framework/src/Illuminate/View/Middleware/ShareErrorsFromSession.php(49): Illuminate\Pipeline\Pipeline->Illuminate\Pipeline\{closure}(Object(Illuminate\Http\Request))
#45 [internal function]: Illuminate\View\Middleware\ShareErrorsFromSession->handle(Object(Illuminate\Http\Request), Object(Closure))
#46 /home/inkognitoo/www/alterbooks/vendor/laravel/framework/src/Illuminate/Pipeline/Pipeline.php(124): call_user_func_array(Array, Array)
#47 /home/inkognitoo/www/alterbooks/vendor/laravel/framework/src/Illuminate/Session/Middleware/StartSession.php(62): Illuminate\Pipeline\Pipeline->Illuminate\Pipeline\{closure}(Object(Illuminate\Http\Request))
#48 [internal function]: Illuminate\Session\Middleware\StartSession->handle(Object(Illuminate\Http\Request), Object(Closure))
#49 /home/inkognitoo/www/alterbooks/vendor/laravel/framework/src/Illuminate/Pipeline/Pipeline.php(124): call_user_func_array(Array, Array)
#50 /home/inkognitoo/www/alterbooks/vendor/laravel/framework/src/Illuminate/Cookie/Middleware/AddQueuedCookiesToResponse.php(37): Illuminate\Pipeline\Pipeline->Illuminate\Pipeline\{closure}(Object(Illuminate\Http\Request))
#51 [internal function]: Illuminate\Cookie\Middleware\AddQueuedCookiesToResponse->handle(Object(Illuminate\Http\Request), Object(Closure))
#52 /home/inkognitoo/www/alterbooks/vendor/laravel/framework/src/Illuminate/Pipeline/Pipeline.php(124): call_user_func_array(Array, Array)
#53 /home/inkognitoo/www/alterbooks/vendor/laravel/framework/src/Illuminate/Cookie/Middleware/EncryptCookies.php(59): Illuminate\Pipeline\Pipeline->Illuminate\Pipeline\{closure}(Object(Illuminate\Http\Request))
#54 [internal function]: Illuminate\Cookie\Middleware\EncryptCookies->handle(Object(Illuminate\Http\Request), Object(Closure))
#55 /home/inkognitoo/www/alterbooks/vendor/laravel/framework/src/Illuminate/Pipeline/Pipeline.php(124): call_user_func_array(Array, Array)
#56 /home/inkognitoo/www/alterbooks/vendor/laravel/framework/src/Illuminate/Foundation/Http/Middleware/CheckForMaintenanceMode.php(42): Illuminate\Pipeline\Pipeline->Illuminate\Pipeline\{closure}(Object(Illuminate\Http\Request))
#57 [internal function]: Illuminate\Foundation\Http\Middleware\CheckForMaintenanceMode->handle(Object(Illuminate\Http\Request), Object(Closure))
#58 /home/inkognitoo/www/alterbooks/vendor/laravel/framework/src/Illuminate/Pipeline/Pipeline.php(124): call_user_func_array(Array, Array)
#59 [internal function]: Illuminate\Pipeline\Pipeline->Illuminate\Pipeline\{closure}(Object(Illuminate\Http\Request))
#60 /home/inkognitoo/www/alterbooks/vendor/laravel/framework/src/Illuminate/Pipeline/Pipeline.php(103): call_user_func(Object(Closure), Object(Illuminate\Http\Request))
#61 /home/inkognitoo/www/alterbooks/vendor/laravel/framework/src/Illuminate/Foundation/Http/Kernel.php(122): Illuminate\Pipeline\Pipeline->then(Object(Closure))
#62 /home/inkognitoo/www/alterbooks/vendor/laravel/framework/src/Illuminate/Foundation/Http/Kernel.php(87): Illuminate\Foundation\Http\Kernel->sendRequestThroughRouter(Object(Illuminate\Http\Request))
#63 /home/inkognitoo/www/alterbooks/public/index.php(54): Illuminate\Foundation\Http\Kernel->handle(Object(Illuminate\Http\Request))
#64 {main}

Next exception 'Illuminate\Database\QueryException' with message 'SQLSTATE[42703]: Undefined column: 7 ERROR:  column "is_active" of relation "users" does not exist
LINE 1: ... "users" ("password", "email", "activation_code", "is_active...
                                                             ^ (SQL: insert into "users" ("password", "email", "activation_code", "is_active", "updated_at", "created_at") values (y$cQiivLhAb966gUZ8SwporeLr47EKs52ZCqCafOV30W/dDhKrwdE5S, inkognitoo92@yandex.ru, fVOl7jqtiQIiGXmN, 0, 2015-09-21 00:03:04, 2015-09-21 00:03:04) returning "id")' in /home/inkognitoo/www/alterbooks/vendor/laravel/framework/src/Illuminate/Database/Connection.php:636
Stack trace:
#0 /home/inkognitoo/www/alterbooks/vendor/laravel/framework/src/Illuminate/Database/Connection.php(596): Illuminate\Database\Connection->runQueryCallback('insert into "us...', Array, Object(Closure))
#1 /home/inkognitoo/www/alterbooks/vendor/laravel/framework/src/Illuminate/Database/Connection.php(315): Illuminate\Database\Connection->run('insert into "us...', Array, Object(Closure))
#2 /home/inkognitoo/www/alterbooks/vendor/laravel/framework/src/Illuminate/Database/Connection.php(289): Illuminate\Database\Connection->select('insert into "us...', Array, false)
#3 /home/inkognitoo/www/alterbooks/vendor/laravel/framework/src/Illuminate/Database/Query/Processors/PostgresProcessor.php(20): Illuminate\Database\Connection->selectFromWriteConnection('insert into "us...', Array)
#4 /home/inkognitoo/www/alterbooks/vendor/laravel/framework/src/Illuminate/Database/Query/Builder.php(1757): Illuminate\Database\Query\Processors\PostgresProcessor->processInsertGetId(Object(Illuminate\Database\Query\Builder), 'insert into "us...', Array, 'id')
#5 [internal function]: Illuminate\Database\Query\Builder->insertGetId(Array, 'id')
#6 /home/inkognitoo/www/alterbooks/vendor/laravel/framework/src/Illuminate/Database/Eloquent/Builder.php(943): call_user_func_array(Array, Array)
#7 /home/inkognitoo/www/alterbooks/vendor/laravel/framework/src/Illuminate/Database/Eloquent/Model.php(1636): Illuminate\Database\Eloquent\Builder->__call('insertGetId', Array)
#8 /home/inkognitoo/www/alterbooks/vendor/laravel/framework/src/Illuminate/Database/Eloquent/Model.php(1636): Illuminate\Database\Eloquent\Builder->insertGetId(Array, 'id')
#9 /home/inkognitoo/www/alterbooks/vendor/laravel/framework/src/Illuminate/Database/Eloquent/Model.php(1605): Illuminate\Database\Eloquent\Model->insertAndSetId(Object(Illuminate\Database\Eloquent\Builder), Array)
#10 /home/inkognitoo/www/alterbooks/vendor/laravel/framework/src/Illuminate/Database/Eloquent/Model.php(1511): Illuminate\Database\Eloquent\Model->performInsert(Object(Illuminate\Database\Eloquent\Builder), Array)
#11 /home/inkognitoo/www/alterbooks/app/User.php(55): Illuminate\Database\Eloquent\Model->save()
#12 /home/inkognitoo/www/alterbooks/app/Http/Controllers/UsersController.php(20): App\User->registration()
#13 [internal function]: App\Http\Controllers\UsersController->registration(Object(Illuminate\Http\Request))
#14 /home/inkognitoo/www/alterbooks/vendor/laravel/framework/src/Illuminate/Routing/Controller.php(256): call_user_func_array(Array, Array)
#15 /home/inkognitoo/www/alterbooks/vendor/laravel/framework/src/Illuminate/Routing/ControllerDispatcher.php(164): Illuminate\Routing\Controller->callAction('registration', Array)
#16 /home/inkognitoo/www/alterbooks/vendor/laravel/framework/src/Illuminate/Routing/ControllerDispatcher.php(112): Illuminate\Routing\ControllerDispatcher->call(Object(App\Http\Controllers\UsersController), Object(Illuminate\Routing\Route), 'registration')
#17 [internal function]: Illuminate\Routing\ControllerDispatcher->Illuminate\Routing\{closure}(Object(Illuminate\Http\Request))
#18 /home/inkognitoo/www/alterbooks/vendor/laravel/framework/src/Illuminate/Pipeline/Pipeline.php(139): call_user_func(Object(Closure), Object(Illuminate\Http\Request))
#19 [internal function]: Illuminate\Pipeline\Pipeline->Illuminate\Pipeline\{closure}(Object(Illuminate\Http\Request))
#20 /home/inkognitoo/www/alterbooks/vendor/laravel/framework/src/Illuminate/Pipeline/Pipeline.php(103): call_user_func(Object(Closure), Object(Illuminate\Http\Request))
#21 /home/inkognitoo/www/alterbooks/vendor/laravel/framework/src/Illuminate/Routing/ControllerDispatcher.php(114): Illuminate\Pipeline\Pipeline->then(Object(Closure))
#22 /home/inkognitoo/www/alterbooks/vendor/laravel/framework/src/Illuminate/Routing/ControllerDispatcher.php(69): Illuminate\Routing\ControllerDispatcher->callWithinStack(Object(App\Http\Controllers\UsersController), Object(Illuminate\Routing\Route), Object(Illuminate\Http\Request), 'registration')
#23 /home/inkognitoo/www/alterbooks/vendor/laravel/framework/src/Illuminate/Routing/Route.php(201): Illuminate\Routing\ControllerDispatcher->dispatch(Object(Illuminate\Routing\Route), Object(Illuminate\Http\Request), 'App\\Http\\Contro...', 'registration')
#24 /home/inkognitoo/www/alterbooks/vendor/laravel/framework/src/Illuminate/Routing/Route.php(134): Illuminate\Routing\Route->runWithCustomDispatcher(Object(Illuminate\Http\Request))
#25 /home/inkognitoo/www/alterbooks/vendor/laravel/framework/src/Illuminate/Routing/Router.php(704): Illuminate\Routing\Route->run(Object(Illuminate\Http\Request))
#26 [internal function]: Illuminate\Routing\Router->Illuminate\Routing\{closure}(Object(Illuminate\Http\Request))
#27 /home/inkognitoo/www/alterbooks/vendor/laravel/framework/src/Illuminate/Pipeline/Pipeline.php(139): call_user_func(Object(Closure), Object(Illuminate\Http\Request))
#28 /home/inkognitoo/www/alterbooks/app/Http/Middleware/Registration.php(31): Illuminate\Pipeline\Pipeline->Illuminate\Pipeline\{closure}(Object(Illuminate\Http\Request))
#29 [internal function]: App\Http\Middleware\Registration->handle(Object(Illuminate\Http\Request), Object(Closure))
#30 /home/inkognitoo/www/alterbooks/vendor/laravel/framework/src/Illuminate/Pipeline/Pipeline.php(124): call_user_func_array(Array, Array)
#31 [internal function]: Illuminate\Pipeline\Pipeline->Illuminate\Pipeline\{closure}(Object(Illuminate\Http\Request))
#32 /home/inkognitoo/www/alterbooks/vendor/laravel/framework/src/Illuminate/Pipeline/Pipeline.php(103): call_user_func(Object(Closure), Object(Illuminate\Http\Request))
#33 /home/inkognitoo/www/alterbooks/vendor/laravel/framework/src/Illuminate/Routing/Router.php(706): Illuminate\Pipeline\Pipeline->then(Object(Closure))
#34 /home/inkognitoo/www/alterbooks/vendor/laravel/framework/src/Illuminate/Routing/Router.php(671): Illuminate\Routing\Router->runRouteWithinStack(Object(Illuminate\Routing\Route), Object(Illuminate\Http\Request))
#35 /home/inkognitoo/www/alterbooks/vendor/laravel/framework/src/Illuminate/Routing/Router.php(631): Illuminate\Routing\Router->dispatchToRoute(Object(Illuminate\Http\Request))
#36 /home/inkognitoo/www/alterbooks/vendor/laravel/framework/src/Illuminate/Foundation/Http/Kernel.php(236): Illuminate\Routing\Router->dispatch(Object(Illuminate\Http\Request))
#37 [internal function]: Illuminate\Foundation\Http\Kernel->Illuminate\Foundation\Http\{closure}(Object(Illuminate\Http\Request))
#38 /home/inkognitoo/www/alterbooks/vendor/laravel/framework/src/Illuminate/Pipeline/Pipeline.php(139): call_user_func(Object(Closure), Object(Illuminate\Http\Request))
#39 /home/inkognitoo/www/alterbooks/vendor/laravel/framework/src/Illuminate/Foundation/Http/Middleware/VerifyCsrfToken.php(50): Illuminate\Pipeline\Pipeline->Illuminate\Pipeline\{closure}(Object(Illuminate\Http\Request))
#40 [internal function]: Illuminate\Foundation\Http\Middleware\VerifyCsrfToken->handle(Object(Illuminate\Http\Request), Object(Closure))
#41 /home/inkognitoo/www/alterbooks/vendor/laravel/framework/src/Illuminate/Pipeline/Pipeline.php(124): call_user_func_array(Array, Array)
#42 /home/inkognitoo/www/alterbooks/vendor/laravel/framework/src/Illuminate/View/Middleware/ShareErrorsFromSession.php(49): Illuminate\Pipeline\Pipeline->Illuminate\Pipeline\{closure}(Object(Illuminate\Http\Request))
#43 [internal function]: Illuminate\View\Middleware\ShareErrorsFromSession->handle(Object(Illuminate\Http\Request), Object(Closure))
#44 /home/inkognitoo/www/alterbooks/vendor/laravel/framework/src/Illuminate/Pipeline/Pipeline.php(124): call_user_func_array(Array, Array)
#45 /home/inkognitoo/www/alterbooks/vendor/laravel/framework/src/Illuminate/Session/Middleware/StartSession.php(62): Illuminate\Pipeline\Pipeline->Illuminate\Pipeline\{closure}(Object(Illuminate\Http\Request))
#46 [internal function]: Illuminate\Session\Middleware\StartSession->handle(Object(Illuminate\Http\Request), Object(Closure))
#47 /home/inkognitoo/www/alterbooks/vendor/laravel/framework/src/Illuminate/Pipeline/Pipeline.php(124): call_user_func_array(Array, Array)
#48 /home/inkognitoo/www/alterbooks/vendor/laravel/framework/src/Illuminate/Cookie/Middleware/AddQueuedCookiesToResponse.php(37): Illuminate\Pipeline\Pipeline->Illuminate\Pipeline\{closure}(Object(Illuminate\Http\Request))
#49 [internal function]: Illuminate\Cookie\Middleware\AddQueuedCookiesToResponse->handle(Object(Illuminate\Http\Request), Object(Closure))
#50 /home/inkognitoo/www/alterbooks/vendor/laravel/framework/src/Illuminate/Pipeline/Pipeline.php(124): call_user_func_array(Array, Array)
#51 /home/inkognitoo/www/alterbooks/vendor/laravel/framework/src/Illuminate/Cookie/Middleware/EncryptCookies.php(59): Illuminate\Pipeline\Pipeline->Illuminate\Pipeline\{closure}(Object(Illuminate\Http\Request))
#52 [internal function]: Illuminate\Cookie\Middleware\EncryptCookies->handle(Object(Illuminate\Http\Request), Object(Closure))
#53 /home/inkognitoo/www/alterbooks/vendor/laravel/framework/src/Illuminate/Pipeline/Pipeline.php(124): call_user_func_array(Array, Array)
#54 /home/inkognitoo/www/alterbooks/vendor/laravel/framework/src/Illuminate/Foundation/Http/Middleware/CheckForMaintenanceMode.php(42): Illuminate\Pipeline\Pipeline->Illuminate\Pipeline\{closure}(Object(Illuminate\Http\Request))
#55 [internal function]: Illuminate\Foundation\Http\Middleware\CheckForMaintenanceMode->handle(Object(Illuminate\Http\Request), Object(Closure))
#56 /home/inkognitoo/www/alterbooks/vendor/laravel/framework/src/Illuminate/Pipeline/Pipeline.php(124): call_user_func_array(Array, Array)
#57 [internal function]: Illuminate\Pipeline\Pipeline->Illuminate\Pipeline\{closure}(Object(Illuminate\Http\Request))
#58 /home/inkognitoo/www/alterbooks/vendor/laravel/framework/src/Illuminate/Pipeline/Pipeline.php(103): call_user_func(Object(Closure), Object(Illuminate\Http\Request))
#59 /home/inkognitoo/www/alterbooks/vendor/laravel/framework/src/Illuminate/Foundation/Http/Kernel.php(122): Illuminate\Pipeline\Pipeline->then(Object(Closure))
#60 /home/inkognitoo/www/alterbooks/vendor/laravel/framework/src/Illuminate/Foundation/Http/Kernel.php(87): Illuminate\Foundation\Http\Kernel->sendRequestThroughRouter(Object(Illuminate\Http\Request))
#61 /home/inkognitoo/www/alterbooks/public/index.php(54): Illuminate\Foundation\Http\Kernel->handle(Object(Illuminate\Http\Request))
#62 {main}  
[2015-09-21 00:03:24] local.INFO: User [inkognitoo92@yandex.ru, 1] registered. Activation code: aftfnJSVOBBHaFYc  
[2015-09-21 00:03:24] local.ERROR: exception 'InvalidArgumentException' with message 'Action App\Http\Controllers\UsersController@getActivate not defined.' in /home/inkognitoo/www/alterbooks/vendor/laravel/framework/src/Illuminate/Routing/UrlGenerator.php:558
Stack trace:
#0 /home/inkognitoo/www/alterbooks/vendor/laravel/framework/src/Illuminate/Foundation/helpers.php(36): Illuminate\Routing\UrlGenerator->action('UsersController...', Array, true)
#1 /home/inkognitoo/www/alterbooks/app/User.php(75): action('UsersController...', Array)
#2 /home/inkognitoo/www/alterbooks/app/User.php(59): App\User->sendActivationMail()
#3 /home/inkognitoo/www/alterbooks/app/Http/Controllers/UsersController.php(20): App\User->registration()
#4 [internal function]: App\Http\Controllers\UsersController->registration(Object(Illuminate\Http\Request))
#5 /home/inkognitoo/www/alterbooks/vendor/laravel/framework/src/Illuminate/Routing/Controller.php(256): call_user_func_array(Array, Array)
#6 /home/inkognitoo/www/alterbooks/vendor/laravel/framework/src/Illuminate/Routing/ControllerDispatcher.php(164): Illuminate\Routing\Controller->callAction('registration', Array)
#7 /home/inkognitoo/www/alterbooks/vendor/laravel/framework/src/Illuminate/Routing/ControllerDispatcher.php(112): Illuminate\Routing\ControllerDispatcher->call(Object(App\Http\Controllers\UsersController), Object(Illuminate\Routing\Route), 'registration')
#8 [internal function]: Illuminate\Routing\ControllerDispatcher->Illuminate\Routing\{closure}(Object(Illuminate\Http\Request))
#9 /home/inkognitoo/www/alterbooks/vendor/laravel/framework/src/Illuminate/Pipeline/Pipeline.php(139): call_user_func(Object(Closure), Object(Illuminate\Http\Request))
#10 [internal function]: Illuminate\Pipeline\Pipeline->Illuminate\Pipeline\{closure}(Object(Illuminate\Http\Request))
#11 /home/inkognitoo/www/alterbooks/vendor/laravel/framework/src/Illuminate/Pipeline/Pipeline.php(103): call_user_func(Object(Closure), Object(Illuminate\Http\Request))
#12 /home/inkognitoo/www/alterbooks/vendor/laravel/framework/src/Illuminate/Routing/ControllerDispatcher.php(114): Illuminate\Pipeline\Pipeline->then(Object(Closure))
#13 /home/inkognitoo/www/alterbooks/vendor/laravel/framework/src/Illuminate/Routing/ControllerDispatcher.php(69): Illuminate\Routing\ControllerDispatcher->callWithinStack(Object(App\Http\Controllers\UsersController), Object(Illuminate\Routing\Route), Object(Illuminate\Http\Request), 'registration')
#14 /home/inkognitoo/www/alterbooks/vendor/laravel/framework/src/Illuminate/Routing/Route.php(201): Illuminate\Routing\ControllerDispatcher->dispatch(Object(Illuminate\Routing\Route), Object(Illuminate\Http\Request), 'App\\Http\\Contro...', 'registration')
#15 /home/inkognitoo/www/alterbooks/vendor/laravel/framework/src/Illuminate/Routing/Route.php(134): Illuminate\Routing\Route->runWithCustomDispatcher(Object(Illuminate\Http\Request))
#16 /home/inkognitoo/www/alterbooks/vendor/laravel/framework/src/Illuminate/Routing/Router.php(704): Illuminate\Routing\Route->run(Object(Illuminate\Http\Request))
#17 [internal function]: Illuminate\Routing\Router->Illuminate\Routing\{closure}(Object(Illuminate\Http\Request))
#18 /home/inkognitoo/www/alterbooks/vendor/laravel/framework/src/Illuminate/Pipeline/Pipeline.php(139): call_user_func(Object(Closure), Object(Illuminate\Http\Request))
#19 /home/inkognitoo/www/alterbooks/app/Http/Middleware/Registration.php(31): Illuminate\Pipeline\Pipeline->Illuminate\Pipeline\{closure}(Object(Illuminate\Http\Request))
#20 [internal function]: App\Http\Middleware\Registration->handle(Object(Illuminate\Http\Request), Object(Closure))
#21 /home/inkognitoo/www/alterbooks/vendor/laravel/framework/src/Illuminate/Pipeline/Pipeline.php(124): call_user_func_array(Array, Array)
#22 [internal function]: Illuminate\Pipeline\Pipeline->Illuminate\Pipeline\{closure}(Object(Illuminate\Http\Request))
#23 /home/inkognitoo/www/alterbooks/vendor/laravel/framework/src/Illuminate/Pipeline/Pipeline.php(103): call_user_func(Object(Closure), Object(Illuminate\Http\Request))
#24 /home/inkognitoo/www/alterbooks/vendor/laravel/framework/src/Illuminate/Routing/Router.php(706): Illuminate\Pipeline\Pipeline->then(Object(Closure))
#25 /home/inkognitoo/www/alterbooks/vendor/laravel/framework/src/Illuminate/Routing/Router.php(671): Illuminate\Routing\Router->runRouteWithinStack(Object(Illuminate\Routing\Route), Object(Illuminate\Http\Request))
#26 /home/inkognitoo/www/alterbooks/vendor/laravel/framework/src/Illuminate/Routing/Router.php(631): Illuminate\Routing\Router->dispatchToRoute(Object(Illuminate\Http\Request))
#27 /home/inkognitoo/www/alterbooks/vendor/laravel/framework/src/Illuminate/Foundation/Http/Kernel.php(236): Illuminate\Routing\Router->dispatch(Object(Illuminate\Http\Request))
#28 [internal function]: Illuminate\Foundation\Http\Kernel->Illuminate\Foundation\Http\{closure}(Object(Illuminate\Http\Request))
#29 /home/inkognitoo/www/alterbooks/vendor/laravel/framework/src/Illuminate/Pipeline/Pipeline.php(139): call_user_func(Object(Closure), Object(Illuminate\Http\Request))
#30 /home/inkognitoo/www/alterbooks/vendor/laravel/framework/src/Illuminate/Foundation/Http/Middleware/VerifyCsrfToken.php(50): Illuminate\Pipeline\Pipeline->Illuminate\Pipeline\{closure}(Object(Illuminate\Http\Request))
#31 [internal function]: Illuminate\Foundation\Http\Middleware\VerifyCsrfToken->handle(Object(Illuminate\Http\Request), Object(Closure))
#32 /home/inkognitoo/www/alterbooks/vendor/laravel/framework/src/Illuminate/Pipeline/Pipeline.php(124): call_user_func_array(Array, Array)
#33 /home/inkognitoo/www/alterbooks/vendor/laravel/framework/src/Illuminate/View/Middleware/ShareErrorsFromSession.php(49): Illuminate\Pipeline\Pipeline->Illuminate\Pipeline\{closure}(Object(Illuminate\Http\Request))
#34 [internal function]: Illuminate\View\Middleware\ShareErrorsFromSession->handle(Object(Illuminate\Http\Request), Object(Closure))
#35 /home/inkognitoo/www/alterbooks/vendor/laravel/framework/src/Illuminate/Pipeline/Pipeline.php(124): call_user_func_array(Array, Array)
#36 /home/inkognitoo/www/alterbooks/vendor/laravel/framework/src/Illuminate/Session/Middleware/StartSession.php(62): Illuminate\Pipeline\Pipeline->Illuminate\Pipeline\{closure}(Object(Illuminate\Http\Request))
#37 [internal function]: Illuminate\Session\Middleware\StartSession->handle(Object(Illuminate\Http\Request), Object(Closure))
#38 /home/inkognitoo/www/alterbooks/vendor/laravel/framework/src/Illuminate/Pipeline/Pipeline.php(124): call_user_func_array(Array, Array)
#39 /home/inkognitoo/www/alterbooks/vendor/laravel/framework/src/Illuminate/Cookie/Middleware/AddQueuedCookiesToResponse.php(37): Illuminate\Pipeline\Pipeline->Illuminate\Pipeline\{closure}(Object(Illuminate\Http\Request))
#40 [internal function]: Illuminate\Cookie\Middleware\AddQueuedCookiesToResponse->handle(Object(Illuminate\Http\Request), Object(Closure))
#41 /home/inkognitoo/www/alterbooks/vendor/laravel/framework/src/Illuminate/Pipeline/Pipeline.php(124): call_user_func_array(Array, Array)
#42 /home/inkognitoo/www/alterbooks/vendor/laravel/framework/src/Illuminate/Cookie/Middleware/EncryptCookies.php(59): Illuminate\Pipeline\Pipeline->Illuminate\Pipeline\{closure}(Object(Illuminate\Http\Request))
#43 [internal function]: Illuminate\Cookie\Middleware\EncryptCookies->handle(Object(Illuminate\Http\Request), Object(Closure))
#44 /home/inkognitoo/www/alterbooks/vendor/laravel/framework/src/Illuminate/Pipeline/Pipeline.php(124): call_user_func_array(Array, Array)
#45 /home/inkognitoo/www/alterbooks/vendor/laravel/framework/src/Illuminate/Foundation/Http/Middleware/CheckForMaintenanceMode.php(42): Illuminate\Pipeline\Pipeline->Illuminate\Pipeline\{closure}(Object(Illuminate\Http\Request))
#46 [internal function]: Illuminate\Foundation\Http\Middleware\CheckForMaintenanceMode->handle(Object(Illuminate\Http\Request), Object(Closure))
#47 /home/inkognitoo/www/alterbooks/vendor/laravel/framework/src/Illuminate/Pipeline/Pipeline.php(124): call_user_func_array(Array, Array)
#48 [internal function]: Illuminate\Pipeline\Pipeline->Illuminate\Pipeline\{closure}(Object(Illuminate\Http\Request))
#49 /home/inkognitoo/www/alterbooks/vendor/laravel/framework/src/Illuminate/Pipeline/Pipeline.php(103): call_user_func(Object(Closure), Object(Illuminate\Http\Request))
#50 /home/inkognitoo/www/alterbooks/vendor/laravel/framework/src/Illuminate/Foundation/Http/Kernel.php(122): Illuminate\Pipeline\Pipeline->then(Object(Closure))
#51 /home/inkognitoo/www/alterbooks/vendor/laravel/framework/src/Illuminate/Foundation/Http/Kernel.php(87): Illuminate\Foundation\Http\Kernel->sendRequestThroughRouter(Object(Illuminate\Http\Request))
#52 /home/inkognitoo/www/alterbooks/public/index.php(54): Illuminate\Foundation\Http\Kernel->handle(Object(Illuminate\Http\Request))
#53 {main}  
[2015-09-21 00:11:50] local.ERROR: exception 'PDOException' with message 'SQLSTATE[23502]: Not null violation: 7 ERROR:  null value in column "activation_code" violates not-null constraint
DETAIL:  Failing row contains (2, null, inkognitoo9f2@yandex.ru, nanana, null, null, f, null, 2015-09-21 00:11:50, 2015-09-21 00:11:50).' in /home/inkognitoo/www/alterbooks/vendor/laravel/framework/src/Illuminate/Database/Connection.php:312
Stack trace:
#0 /home/inkognitoo/www/alterbooks/vendor/laravel/framework/src/Illuminate/Database/Connection.php(312): PDOStatement->execute(Array)
#1 /home/inkognitoo/www/alterbooks/vendor/laravel/framework/src/Illuminate/Database/Connection.php(629): Illuminate\Database\Connection->Illuminate\Database\{closure}(Object(Illuminate\Database\PostgresConnection), 'insert into "us...', Array)
#2 /home/inkognitoo/www/alterbooks/vendor/laravel/framework/src/Illuminate/Database/Connection.php(596): Illuminate\Database\Connection->runQueryCallback('insert into "us...', Array, Object(Closure))
#3 /home/inkognitoo/www/alterbooks/vendor/laravel/framework/src/Illuminate/Database/Connection.php(315): Illuminate\Database\Connection->run('insert into "us...', Array, Object(Closure))
#4 /home/inkognitoo/www/alterbooks/vendor/laravel/framework/src/Illuminate/Database/Connection.php(289): Illuminate\Database\Connection->select('insert into "us...', Array, false)
#5 /home/inkognitoo/www/alterbooks/vendor/laravel/framework/src/Illuminate/Database/Query/Processors/PostgresProcessor.php(20): Illuminate\Database\Connection->selectFromWriteConnection('insert into "us...', Array)
#6 /home/inkognitoo/www/alterbooks/vendor/laravel/framework/src/Illuminate/Database/Query/Builder.php(1757): Illuminate\Database\Query\Processors\PostgresProcessor->processInsertGetId(Object(Illuminate\Database\Query\Builder), 'insert into "us...', Array, 'id')
#7 [internal function]: Illuminate\Database\Query\Builder->insertGetId(Array, 'id')
#8 /home/inkognitoo/www/alterbooks/vendor/laravel/framework/src/Illuminate/Database/Eloquent/Builder.php(943): call_user_func_array(Array, Array)
#9 /home/inkognitoo/www/alterbooks/vendor/laravel/framework/src/Illuminate/Database/Eloquent/Model.php(1636): Illuminate\Database\Eloquent\Builder->__call('insertGetId', Array)
#10 /home/inkognitoo/www/alterbooks/vendor/laravel/framework/src/Illuminate/Database/Eloquent/Model.php(1636): Illuminate\Database\Eloquent\Builder->insertGetId(Array, 'id')
#11 /home/inkognitoo/www/alterbooks/vendor/laravel/framework/src/Illuminate/Database/Eloquent/Model.php(1605): Illuminate\Database\Eloquent\Model->insertAndSetId(Object(Illuminate\Database\Eloquent\Builder), Array)
#12 /home/inkognitoo/www/alterbooks/vendor/laravel/framework/src/Illuminate/Database/Eloquent/Model.php(1511): Illuminate\Database\Eloquent\Model->performInsert(Object(Illuminate\Database\Eloquent\Builder), Array)
#13 /home/inkognitoo/www/alterbooks/app/User.php(50): Illuminate\Database\Eloquent\Model->save()
#14 /home/inkognitoo/www/alterbooks/app/Http/Controllers/UsersController.php(20): App\User->registration()
#15 [internal function]: App\Http\Controllers\UsersController->registration(Object(Illuminate\Http\Request))
#16 /home/inkognitoo/www/alterbooks/vendor/laravel/framework/src/Illuminate/Routing/Controller.php(256): call_user_func_array(Array, Array)
#17 /home/inkognitoo/www/alterbooks/vendor/laravel/framework/src/Illuminate/Routing/ControllerDispatcher.php(164): Illuminate\Routing\Controller->callAction('registration', Array)
#18 /home/inkognitoo/www/alterbooks/vendor/laravel/framework/src/Illuminate/Routing/ControllerDispatcher.php(112): Illuminate\Routing\ControllerDispatcher->call(Object(App\Http\Controllers\UsersController), Object(Illuminate\Routing\Route), 'registration')
#19 [internal function]: Illuminate\Routing\ControllerDispatcher->Illuminate\Routing\{closure}(Object(Illuminate\Http\Request))
#20 /home/inkognitoo/www/alterbooks/vendor/laravel/framework/src/Illuminate/Pipeline/Pipeline.php(139): call_user_func(Object(Closure), Object(Illuminate\Http\Request))
#21 [internal function]: Illuminate\Pipeline\Pipeline->Illuminate\Pipeline\{closure}(Object(Illuminate\Http\Request))
#22 /home/inkognitoo/www/alterbooks/vendor/laravel/framework/src/Illuminate/Pipeline/Pipeline.php(103): call_user_func(Object(Closure), Object(Illuminate\Http\Request))
#23 /home/inkognitoo/www/alterbooks/vendor/laravel/framework/src/Illuminate/Routing/ControllerDispatcher.php(114): Illuminate\Pipeline\Pipeline->then(Object(Closure))
#24 /home/inkognitoo/www/alterbooks/vendor/laravel/framework/src/Illuminate/Routing/ControllerDispatcher.php(69): Illuminate\Routing\ControllerDispatcher->callWithinStack(Object(App\Http\Controllers\UsersController), Object(Illuminate\Routing\Route), Object(Illuminate\Http\Request), 'registration')
#25 /home/inkognitoo/www/alterbooks/vendor/laravel/framework/src/Illuminate/Routing/Route.php(201): Illuminate\Routing\ControllerDispatcher->dispatch(Object(Illuminate\Routing\Route), Object(Illuminate\Http\Request), 'App\\Http\\Contro...', 'registration')
#26 /home/inkognitoo/www/alterbooks/vendor/laravel/framework/src/Illuminate/Routing/Route.php(134): Illuminate\Routing\Route->runWithCustomDispatcher(Object(Illuminate\Http\Request))
#27 /home/inkognitoo/www/alterbooks/vendor/laravel/framework/src/Illuminate/Routing/Router.php(704): Illuminate\Routing\Route->run(Object(Illuminate\Http\Request))
#28 [internal function]: Illuminate\Routing\Router->Illuminate\Routing\{closure}(Object(Illuminate\Http\Request))
#29 /home/inkognitoo/www/alterbooks/vendor/laravel/framework/src/Illuminate/Pipeline/Pipeline.php(139): call_user_func(Object(Closure), Object(Illuminate\Http\Request))
#30 /home/inkognitoo/www/alterbooks/app/Http/Middleware/Registration.php(31): Illuminate\Pipeline\Pipeline->Illuminate\Pipeline\{closure}(Object(Illuminate\Http\Request))
#31 [internal function]: App\Http\Middleware\Registration->handle(Object(Illuminate\Http\Request), Object(Closure))
#32 /home/inkognitoo/www/alterbooks/vendor/laravel/framework/src/Illuminate/Pipeline/Pipeline.php(124): call_user_func_array(Array, Array)
#33 [internal function]: Illuminate\Pipeline\Pipeline->Illuminate\Pipeline\{closure}(Object(Illuminate\Http\Request))
#34 /home/inkognitoo/www/alterbooks/vendor/laravel/framework/src/Illuminate/Pipeline/Pipeline.php(103): call_user_func(Object(Closure), Object(Illuminate\Http\Request))
#35 /home/inkognitoo/www/alterbooks/vendor/laravel/framework/src/Illuminate/Routing/Router.php(706): Illuminate\Pipeline\Pipeline->then(Object(Closure))
#36 /home/inkognitoo/www/alterbooks/vendor/laravel/framework/src/Illuminate/Routing/Router.php(671): Illuminate\Routing\Router->runRouteWithinStack(Object(Illuminate\Routing\Route), Object(Illuminate\Http\Request))
#37 /home/inkognitoo/www/alterbooks/vendor/laravel/framework/src/Illuminate/Routing/Router.php(631): Illuminate\Routing\Router->dispatchToRoute(Object(Illuminate\Http\Request))
#38 /home/inkognitoo/www/alterbooks/vendor/laravel/framework/src/Illuminate/Foundation/Http/Kernel.php(236): Illuminate\Routing\Router->dispatch(Object(Illuminate\Http\Request))
#39 [internal function]: Illuminate\Foundation\Http\Kernel->Illuminate\Foundation\Http\{closure}(Object(Illuminate\Http\Request))
#40 /home/inkognitoo/www/alterbooks/vendor/laravel/framework/src/Illuminate/Pipeline/Pipeline.php(139): call_user_func(Object(Closure), Object(Illuminate\Http\Request))
#41 /home/inkognitoo/www/alterbooks/vendor/laravel/framework/src/Illuminate/Foundation/Http/Middleware/VerifyCsrfToken.php(50): Illuminate\Pipeline\Pipeline->Illuminate\Pipeline\{closure}(Object(Illuminate\Http\Request))
#42 [internal function]: Illuminate\Foundation\Http\Middleware\VerifyCsrfToken->handle(Object(Illuminate\Http\Request), Object(Closure))
#43 /home/inkognitoo/www/alterbooks/vendor/laravel/framework/src/Illuminate/Pipeline/Pipeline.php(124): call_user_func_array(Array, Array)
#44 /home/inkognitoo/www/alterbooks/vendor/laravel/framework/src/Illuminate/View/Middleware/ShareErrorsFromSession.php(49): Illuminate\Pipeline\Pipeline->Illuminate\Pipeline\{closure}(Object(Illuminate\Http\Request))
#45 [internal function]: Illuminate\View\Middleware\ShareErrorsFromSession->handle(Object(Illuminate\Http\Request), Object(Closure))
#46 /home/inkognitoo/www/alterbooks/vendor/laravel/framework/src/Illuminate/Pipeline/Pipeline.php(124): call_user_func_array(Array, Array)
#47 /home/inkognitoo/www/alterbooks/vendor/laravel/framework/src/Illuminate/Session/Middleware/StartSession.php(62): Illuminate\Pipeline\Pipeline->Illuminate\Pipeline\{closure}(Object(Illuminate\Http\Request))
#48 [internal function]: Illuminate\Session\Middleware\StartSession->handle(Object(Illuminate\Http\Request), Object(Closure))
#49 /home/inkognitoo/www/alterbooks/vendor/laravel/framework/src/Illuminate/Pipeline/Pipeline.php(124): call_user_func_array(Array, Array)
#50 /home/inkognitoo/www/alterbooks/vendor/laravel/framework/src/Illuminate/Cookie/Middleware/AddQueuedCookiesToResponse.php(37): Illuminate\Pipeline\Pipeline->Illuminate\Pipeline\{closure}(Object(Illuminate\Http\Request))
#51 [internal function]: Illuminate\Cookie\Middleware\AddQueuedCookiesToResponse->handle(Object(Illuminate\Http\Request), Object(Closure))
#52 /home/inkognitoo/www/alterbooks/vendor/laravel/framework/src/Illuminate/Pipeline/Pipeline.php(124): call_user_func_array(Array, Array)
#53 /home/inkognitoo/www/alterbooks/vendor/laravel/framework/src/Illuminate/Cookie/Middleware/EncryptCookies.php(59): Illuminate\Pipeline\Pipeline->Illuminate\Pipeline\{closure}(Object(Illuminate\Http\Request))
#54 [internal function]: Illuminate\Cookie\Middleware\EncryptCookies->handle(Object(Illuminate\Http\Request), Object(Closure))
#55 /home/inkognitoo/www/alterbooks/vendor/laravel/framework/src/Illuminate/Pipeline/Pipeline.php(124): call_user_func_array(Array, Array)
#56 /home/inkognitoo/www/alterbooks/vendor/laravel/framework/src/Illuminate/Foundation/Http/Middleware/CheckForMaintenanceMode.php(42): Illuminate\Pipeline\Pipeline->Illuminate\Pipeline\{closure}(Object(Illuminate\Http\Request))
#57 [internal function]: Illuminate\Foundation\Http\Middleware\CheckForMaintenanceMode->handle(Object(Illuminate\Http\Request), Object(Closure))
#58 /home/inkognitoo/www/alterbooks/vendor/laravel/framework/src/Illuminate/Pipeline/Pipeline.php(124): call_user_func_array(Array, Array)
#59 [internal function]: Illuminate\Pipeline\Pipeline->Illuminate\Pipeline\{closure}(Object(Illuminate\Http\Request))
#60 /home/inkognitoo/www/alterbooks/vendor/laravel/framework/src/Illuminate/Pipeline/Pipeline.php(103): call_user_func(Object(Closure), Object(Illuminate\Http\Request))
#61 /home/inkognitoo/www/alterbooks/vendor/laravel/framework/src/Illuminate/Foundation/Http/Kernel.php(122): Illuminate\Pipeline\Pipeline->then(Object(Closure))
#62 /home/inkognitoo/www/alterbooks/vendor/laravel/framework/src/Illuminate/Foundation/Http/Kernel.php(87): Illuminate\Foundation\Http\Kernel->sendRequestThroughRouter(Object(Illuminate\Http\Request))
#63 /home/inkognitoo/www/alterbooks/public/index.php(54): Illuminate\Foundation\Http\Kernel->handle(Object(Illuminate\Http\Request))
#64 {main}

Next exception 'Illuminate\Database\QueryException' with message 'SQLSTATE[23502]: Not null violation: 7 ERROR:  null value in column "activation_code" violates not-null constraint
DETAIL:  Failing row contains (2, null, inkognitoo9f2@yandex.ru, nanana, null, null, f, null, 2015-09-21 00:11:50, 2015-09-21 00:11:50). (SQL: insert into "users" ("password", "email", "updated_at", "created_at") values (nanana, inkognitoo9f2@yandex.ru, 2015-09-21 00:11:50, 2015-09-21 00:11:50) returning "id")' in /home/inkognitoo/www/alterbooks/vendor/laravel/framework/src/Illuminate/Database/Connection.php:636
Stack trace:
#0 /home/inkognitoo/www/alterbooks/vendor/laravel/framework/src/Illuminate/Database/Connection.php(596): Illuminate\Database\Connection->runQueryCallback('insert into "us...', Array, Object(Closure))
#1 /home/inkognitoo/www/alterbooks/vendor/laravel/framework/src/Illuminate/Database/Connection.php(315): Illuminate\Database\Connection->run('insert into "us...', Array, Object(Closure))
#2 /home/inkognitoo/www/alterbooks/vendor/laravel/framework/src/Illuminate/Database/Connection.php(289): Illuminate\Database\Connection->select('insert into "us...', Array, false)
#3 /home/inkognitoo/www/alterbooks/vendor/laravel/framework/src/Illuminate/Database/Query/Processors/PostgresProcessor.php(20): Illuminate\Database\Connection->selectFromWriteConnection('insert into "us...', Array)
#4 /home/inkognitoo/www/alterbooks/vendor/laravel/framework/src/Illuminate/Database/Query/Builder.php(1757): Illuminate\Database\Query\Processors\PostgresProcessor->processInsertGetId(Object(Illuminate\Database\Query\Builder), 'insert into "us...', Array, 'id')
#5 [internal function]: Illuminate\Database\Query\Builder->insertGetId(Array, 'id')
#6 /home/inkognitoo/www/alterbooks/vendor/laravel/framework/src/Illuminate/Database/Eloquent/Builder.php(943): call_user_func_array(Array, Array)
#7 /home/inkognitoo/www/alterbooks/vendor/laravel/framework/src/Illuminate/Database/Eloquent/Model.php(1636): Illuminate\Database\Eloquent\Builder->__call('insertGetId', Array)
#8 /home/inkognitoo/www/alterbooks/vendor/laravel/framework/src/Illuminate/Database/Eloquent/Model.php(1636): Illuminate\Database\Eloquent\Builder->insertGetId(Array, 'id')
#9 /home/inkognitoo/www/alterbooks/vendor/laravel/framework/src/Illuminate/Database/Eloquent/Model.php(1605): Illuminate\Database\Eloquent\Model->insertAndSetId(Object(Illuminate\Database\Eloquent\Builder), Array)
#10 /home/inkognitoo/www/alterbooks/vendor/laravel/framework/src/Illuminate/Database/Eloquent/Model.php(1511): Illuminate\Database\Eloquent\Model->performInsert(Object(Illuminate\Database\Eloquent\Builder), Array)
#11 /home/inkognitoo/www/alterbooks/app/User.php(50): Illuminate\Database\Eloquent\Model->save()
#12 /home/inkognitoo/www/alterbooks/app/Http/Controllers/UsersController.php(20): App\User->registration()
#13 [internal function]: App\Http\Controllers\UsersController->registration(Object(Illuminate\Http\Request))
#14 /home/inkognitoo/www/alterbooks/vendor/laravel/framework/src/Illuminate/Routing/Controller.php(256): call_user_func_array(Array, Array)
#15 /home/inkognitoo/www/alterbooks/vendor/laravel/framework/src/Illuminate/Routing/ControllerDispatcher.php(164): Illuminate\Routing\Controller->callAction('registration', Array)
#16 /home/inkognitoo/www/alterbooks/vendor/laravel/framework/src/Illuminate/Routing/ControllerDispatcher.php(112): Illuminate\Routing\ControllerDispatcher->call(Object(App\Http\Controllers\UsersController), Object(Illuminate\Routing\Route), 'registration')
#17 [internal function]: Illuminate\Routing\ControllerDispatcher->Illuminate\Routing\{closure}(Object(Illuminate\Http\Request))
#18 /home/inkognitoo/www/alterbooks/vendor/laravel/framework/src/Illuminate/Pipeline/Pipeline.php(139): call_user_func(Object(Closure), Object(Illuminate\Http\Request))
#19 [internal function]: Illuminate\Pipeline\Pipeline->Illuminate\Pipeline\{closure}(Object(Illuminate\Http\Request))
#20 /home/inkognitoo/www/alterbooks/vendor/laravel/framework/src/Illuminate/Pipeline/Pipeline.php(103): call_user_func(Object(Closure), Object(Illuminate\Http\Request))
#21 /home/inkognitoo/www/alterbooks/vendor/laravel/framework/src/Illuminate/Routing/ControllerDispatcher.php(114): Illuminate\Pipeline\Pipeline->then(Object(Closure))
#22 /home/inkognitoo/www/alterbooks/vendor/laravel/framework/src/Illuminate/Routing/ControllerDispatcher.php(69): Illuminate\Routing\ControllerDispatcher->callWithinStack(Object(App\Http\Controllers\UsersController), Object(Illuminate\Routing\Route), Object(Illuminate\Http\Request), 'registration')
#23 /home/inkognitoo/www/alterbooks/vendor/laravel/framework/src/Illuminate/Routing/Route.php(201): Illuminate\Routing\ControllerDispatcher->dispatch(Object(Illuminate\Routing\Route), Object(Illuminate\Http\Request), 'App\\Http\\Contro...', 'registration')
#24 /home/inkognitoo/www/alterbooks/vendor/laravel/framework/src/Illuminate/Routing/Route.php(134): Illuminate\Routing\Route->runWithCustomDispatcher(Object(Illuminate\Http\Request))
#25 /home/inkognitoo/www/alterbooks/vendor/laravel/framework/src/Illuminate/Routing/Router.php(704): Illuminate\Routing\Route->run(Object(Illuminate\Http\Request))
#26 [internal function]: Illuminate\Routing\Router->Illuminate\Routing\{closure}(Object(Illuminate\Http\Request))
#27 /home/inkognitoo/www/alterbooks/vendor/laravel/framework/src/Illuminate/Pipeline/Pipeline.php(139): call_user_func(Object(Closure), Object(Illuminate\Http\Request))
#28 /home/inkognitoo/www/alterbooks/app/Http/Middleware/Registration.php(31): Illuminate\Pipeline\Pipeline->Illuminate\Pipeline\{closure}(Object(Illuminate\Http\Request))
#29 [internal function]: App\Http\Middleware\Registration->handle(Object(Illuminate\Http\Request), Object(Closure))
#30 /home/inkognitoo/www/alterbooks/vendor/laravel/framework/src/Illuminate/Pipeline/Pipeline.php(124): call_user_func_array(Array, Array)
#31 [internal function]: Illuminate\Pipeline\Pipeline->Illuminate\Pipeline\{closure}(Object(Illuminate\Http\Request))
#32 /home/inkognitoo/www/alterbooks/vendor/laravel/framework/src/Illuminate/Pipeline/Pipeline.php(103): call_user_func(Object(Closure), Object(Illuminate\Http\Request))
#33 /home/inkognitoo/www/alterbooks/vendor/laravel/framework/src/Illuminate/Routing/Router.php(706): Illuminate\Pipeline\Pipeline->then(Object(Closure))
#34 /home/inkognitoo/www/alterbooks/vendor/laravel/framework/src/Illuminate/Routing/Router.php(671): Illuminate\Routing\Router->runRouteWithinStack(Object(Illuminate\Routing\Route), Object(Illuminate\Http\Request))
#35 /home/inkognitoo/www/alterbooks/vendor/laravel/framework/src/Illuminate/Routing/Router.php(631): Illuminate\Routing\Router->dispatchToRoute(Object(Illuminate\Http\Request))
#36 /home/inkognitoo/www/alterbooks/vendor/laravel/framework/src/Illuminate/Foundation/Http/Kernel.php(236): Illuminate\Routing\Router->dispatch(Object(Illuminate\Http\Request))
#37 [internal function]: Illuminate\Foundation\Http\Kernel->Illuminate\Foundation\Http\{closure}(Object(Illuminate\Http\Request))
#38 /home/inkognitoo/www/alterbooks/vendor/laravel/framework/src/Illuminate/Pipeline/Pipeline.php(139): call_user_func(Object(Closure), Object(Illuminate\Http\Request))
#39 /home/inkognitoo/www/alterbooks/vendor/laravel/framework/src/Illuminate/Foundation/Http/Middleware/VerifyCsrfToken.php(50): Illuminate\Pipeline\Pipeline->Illuminate\Pipeline\{closure}(Object(Illuminate\Http\Request))
#40 [internal function]: Illuminate\Foundation\Http\Middleware\VerifyCsrfToken->handle(Object(Illuminate\Http\Request), Object(Closure))
#41 /home/inkognitoo/www/alterbooks/vendor/laravel/framework/src/Illuminate/Pipeline/Pipeline.php(124): call_user_func_array(Array, Array)
#42 /home/inkognitoo/www/alterbooks/vendor/laravel/framework/src/Illuminate/View/Middleware/ShareErrorsFromSession.php(49): Illuminate\Pipeline\Pipeline->Illuminate\Pipeline\{closure}(Object(Illuminate\Http\Request))
#43 [internal function]: Illuminate\View\Middleware\ShareErrorsFromSession->handle(Object(Illuminate\Http\Request), Object(Closure))
#44 /home/inkognitoo/www/alterbooks/vendor/laravel/framework/src/Illuminate/Pipeline/Pipeline.php(124): call_user_func_array(Array, Array)
#45 /home/inkognitoo/www/alterbooks/vendor/laravel/framework/src/Illuminate/Session/Middleware/StartSession.php(62): Illuminate\Pipeline\Pipeline->Illuminate\Pipeline\{closure}(Object(Illuminate\Http\Request))
#46 [internal function]: Illuminate\Session\Middleware\StartSession->handle(Object(Illuminate\Http\Request), Object(Closure))
#47 /home/inkognitoo/www/alterbooks/vendor/laravel/framework/src/Illuminate/Pipeline/Pipeline.php(124): call_user_func_array(Array, Array)
#48 /home/inkognitoo/www/alterbooks/vendor/laravel/framework/src/Illuminate/Cookie/Middleware/AddQueuedCookiesToResponse.php(37): Illuminate\Pipeline\Pipeline->Illuminate\Pipeline\{closure}(Object(Illuminate\Http\Request))
#49 [internal function]: Illuminate\Cookie\Middleware\AddQueuedCookiesToResponse->handle(Object(Illuminate\Http\Request), Object(Closure))
#50 /home/inkognitoo/www/alterbooks/vendor/laravel/framework/src/Illuminate/Pipeline/Pipeline.php(124): call_user_func_array(Array, Array)
#51 /home/inkognitoo/www/alterbooks/vendor/laravel/framework/src/Illuminate/Cookie/Middleware/EncryptCookies.php(59): Illuminate\Pipeline\Pipeline->Illuminate\Pipeline\{closure}(Object(Illuminate\Http\Request))
#52 [internal function]: Illuminate\Cookie\Middleware\EncryptCookies->handle(Object(Illuminate\Http\Request), Object(Closure))
#53 /home/inkognitoo/www/alterbooks/vendor/laravel/framework/src/Illuminate/Pipeline/Pipeline.php(124): call_user_func_array(Array, Array)
#54 /home/inkognitoo/www/alterbooks/vendor/laravel/framework/src/Illuminate/Foundation/Http/Middleware/CheckForMaintenanceMode.php(42): Illuminate\Pipeline\Pipeline->Illuminate\Pipeline\{closure}(Object(Illuminate\Http\Request))
#55 [internal function]: Illuminate\Foundation\Http\Middleware\CheckForMaintenanceMode->handle(Object(Illuminate\Http\Request), Object(Closure))
#56 /home/inkognitoo/www/alterbooks/vendor/laravel/framework/src/Illuminate/Pipeline/Pipeline.php(124): call_user_func_array(Array, Array)
#57 [internal function]: Illuminate\Pipeline\Pipeline->Illuminate\Pipeline\{closure}(Object(Illuminate\Http\Request))
#58 /home/inkognitoo/www/alterbooks/vendor/laravel/framework/src/Illuminate/Pipeline/Pipeline.php(103): call_user_func(Object(Closure), Object(Illuminate\Http\Request))
#59 /home/inkognitoo/www/alterbooks/vendor/laravel/framework/src/Illuminate/Foundation/Http/Kernel.php(122): Illuminate\Pipeline\Pipeline->then(Object(Closure))
#60 /home/inkognitoo/www/alterbooks/vendor/laravel/framework/src/Illuminate/Foundation/Http/Kernel.php(87): Illuminate\Foundation\Http\Kernel->sendRequestThroughRouter(Object(Illuminate\Http\Request))
#61 /home/inkognitoo/www/alterbooks/public/index.php(54): Illuminate\Foundation\Http\Kernel->handle(Object(Illuminate\Http\Request))
#62 {main}  
